<?xml version="1.0" encoding="UTF-8"?>
<testng-results skipped="0" failed="0" ignored="0" total="6" passed="6">
  <reporter-output>
  </reporter-output>
  <suite name="Suite" duration-ms="54" started-at="2021-06-03T14:38:12Z" finished-at="2021-06-03T14:38:12Z">
    <groups>
    </groups>
    <test name="Test" duration-ms="54" started-at="2021-06-03T14:38:12Z" finished-at="2021-06-03T14:38:12Z">
      <class name="qaclickacademy.AppiumTest">
        <test-method status="PASS" signature="IOSApps()[pri:0, instance:qaclickacademy.AppiumTest@783e6358]" name="IOSApps" duration-ms="0" started-at="2021-06-03T20:38:12Z" finished-at="2021-06-03T20:38:12Z">
          <reporter-output>
          </reporter-output>
        </test-method> <!-- IOSApps -->
        <test-method status="PASS" signature="NativeAPpAndroid()[pri:0, instance:qaclickacademy.AppiumTest@783e6358]" name="NativeAPpAndroid" duration-ms="0" started-at="2021-06-03T20:38:12Z" finished-at="2021-06-03T20:38:12Z">
          <reporter-output>
          </reporter-output>
        </test-method> <!-- NativeAPpAndroid -->
      </class> <!-- qaclickacademy.AppiumTest -->
      <class name="qaclickacademy.RESTAPITest">
        <test-method status="PASS" signature="deleteTwitter()[pri:0, instance:qaclickacademy.RESTAPITest@4e04a765]" name="deleteTwitter" duration-ms="0" started-at="2021-06-03T20:38:12Z" finished-at="2021-06-03T20:38:12Z">
          <reporter-output>
          </reporter-output>
        </test-method> <!-- deleteTwitter -->
        <test-method status="PASS" signature="postJira()[pri:0, instance:qaclickacademy.RESTAPITest@4e04a765]" name="postJira" duration-ms="0" started-at="2021-06-03T20:38:12Z" finished-at="2021-06-03T20:38:12Z">
          <reporter-output>
          </reporter-output>
        </test-method> <!-- postJira -->
      </class> <!-- qaclickacademy.RESTAPITest -->
      <class name="qaclickacademy.SeleniumTest">
        <test-method status="PASS" signature="BrowserAUtomation()[pri:0, instance:qaclickacademy.SeleniumTest@3b81a1bc]" name="BrowserAUtomation" duration-ms="15" started-at="2021-06-03T20:38:12Z" finished-at="2021-06-03T20:38:12Z">
          <reporter-output>
          </reporter-output>
        </test-method> <!-- BrowserAUtomation -->
        <test-method status="PASS" signature="elementsUi()[pri:0, instance:qaclickacademy.SeleniumTest@3b81a1bc]" name="elementsUi" duration-ms="0" started-at="2021-06-03T20:38:12Z" finished-at="2021-06-03T20:38:12Z">
          <reporter-output>
          </reporter-output>
        </test-method> <!-- elementsUi -->
      </class> <!-- qaclickacademy.SeleniumTest -->
    </test> <!-- Test -->
  </suite> <!-- Suite -->
</testng-results>
